<?xml version="1.0" encoding="UTF-8"?>
<testng-results skipped="0" failed="0" ignored="0" total="1" passed="1">
  <reporter-output>
  </reporter-output>
  <suite name="Default suite" duration-ms="103956" started-at="2018-04-15T05:50:04Z" finished-at="2018-04-15T05:51:48Z">
    <groups>
    </groups>
    <test name="Default test" duration-ms="103956" started-at="2018-04-15T05:50:04Z" finished-at="2018-04-15T05:51:48Z">
      <class name="sampleGitTest.SampleGitTest">
        <test-method status="PASS" signature="logintest()[pri:0, instance:sampleGitTest.SampleGitTest@7d1d39]" name="logintest" duration-ms="103757" started-at="2018-04-15T05:50:04Z" finished-at="2018-04-15T05:51:48Z">
          <reporter-output>
          </reporter-output>
        </test-method> <!-- logintest -->
      </class> <!-- sampleGitTest.SampleGitTest -->
    </test> <!-- Default test -->
  </suite> <!-- Default suite -->
</testng-results>
